fsfd
  
/!\ FAILSAFE /!\  Sat Nov 28 17:00:54 +0100 2009
  Status: 500 Internal Server Error
  could not connect to server: No such file or directory
	Is the server running locally and accepting
	connections on Unix domain socket "/var/run/postgresql/.s.PGSQL.5432"?

    /var/lib/gems/1.8/gems/activerecord-2.3.5/lib/active_record/connection_adapters/postgresql_adapter.rb:968:in `initialize'
    /var/lib/gems/1.8/gems/activerecord-2.3.5/lib/active_record/connection_adapters/postgresql_adapter.rb:968:in `connect'
    /var/lib/gems/1.8/gems/activerecord-2.3.5/lib/active_record/connection_adapters/postgresql_adapter.rb:968:in `connect'
    /var/lib/gems/1.8/gems/activerecord-2.3.5/lib/active_record/connection_adapters/postgresql_adapter.rb:217:in `initialize'
    /var/lib/gems/1.8/gems/activerecord-2.3.5/lib/active_record/connection_adapters/postgresql_adapter.rb:37:in `new'
    /var/lib/gems/1.8/gems/activerecord-2.3.5/lib/active_record/connection_adapters/postgresql_adapter.rb:37:in `postgresql_connection'
    /var/lib/gems/1.8/gems/activerecord-2.3.5/lib/active_record/connection_adapters/abstract/connection_pool.rb:223:in `send'
    /var/lib/gems/1.8/gems/activerecord-2.3.5/lib/active_record/connection_adapters/abstract/connection_pool.rb:223:in `new_connection'
    /var/lib/gems/1.8/gems/activerecord-2.3.5/lib/active_record/connection_adapters/abstract/connection_pool.rb:245:in `checkout_new_connection'
    /var/lib/gems/1.8/gems/activerecord-2.3.5/lib/active_record/connection_adapters/abstract/connection_pool.rb:188:in `checkout'
    /var/lib/gems/1.8/gems/activerecord-2.3.5/lib/active_record/connection_adapters/abstract/connection_pool.rb:184:in `loop'
    /var/lib/gems/1.8/gems/activerecord-2.3.5/lib/active_record/connection_adapters/abstract/connection_pool.rb:184:in `checkout'
    /usr/lib/ruby/1.8/monitor.rb:242:in `synchronize'
    /var/lib/gems/1.8/gems/activerecord-2.3.5/lib/active_record/connection_adapters/abstract/connection_pool.rb:183:in `checkout'
    /var/lib/gems/1.8/gems/activerecord-2.3.5/lib/active_record/connection_adapters/abstract/connection_pool.rb:98:in `connection'
    /var/lib/gems/1.8/gems/activerecord-2.3.5/lib/active_record/connection_adapters/abstract/connection_pool.rb:326:in `retrieve_connection'
    /var/lib/gems/1.8/gems/activerecord-2.3.5/lib/active_record/connection_adapters/abstract/connection_specification.rb:123:in `retrieve_connection'
    /var/lib/gems/1.8/gems/activerecord-2.3.5/lib/active_record/connection_adapters/abstract/connection_specification.rb:115:in `connection'
    /var/lib/gems/1.8/gems/activerecord-2.3.5/lib/active_record/query_cache.rb:9:in `cache'
    /var/lib/gems/1.8/gems/activerecord-2.3.5/lib/active_record/query_cache.rb:28:in `call'
    /var/lib/gems/1.8/gems/activerecord-2.3.5/lib/active_record/connection_adapters/abstract/connection_pool.rb:361:in `call'
    /var/lib/gems/1.8/gems/actionpack-2.3.5/lib/action_controller/string_coercion.rb:25:in `call'
    /var/lib/gems/1.8/gems/rack-1.0.1/lib/rack/head.rb:9:in `call'
    /var/lib/gems/1.8/gems/rack-1.0.1/lib/rack/methodoverride.rb:24:in `call'
    /var/lib/gems/1.8/gems/actionpack-2.3.5/lib/action_controller/params_parser.rb:15:in `call'
    /var/lib/gems/1.8/gems/actionpack-2.3.5/lib/action_controller/session/cookie_store.rb:93:in `call'
    /var/lib/gems/1.8/gems/actionpack-2.3.5/lib/action_controller/failsafe.rb:26:in `call'
    /var/lib/gems/1.8/gems/rack-1.0.1/lib/rack/lock.rb:11:in `call'
    /var/lib/gems/1.8/gems/rack-1.0.1/lib/rack/lock.rb:11:in `synchronize'
    /var/lib/gems/1.8/gems/rack-1.0.1/lib/rack/lock.rb:11:in `call'
    /var/lib/gems/1.8/gems/actionpack-2.3.5/lib/action_controller/dispatcher.rb:114:in `call'
    /var/lib/gems/1.8/gems/actionpack-2.3.5/lib/action_controller/reloader.rb:34:in `run'
    /var/lib/gems/1.8/gems/actionpack-2.3.5/lib/action_controller/dispatcher.rb:108:in `call'
    /var/lib/gems/1.8/gems/actionpack-2.3.5/lib/action_controller/cgi_process.rb:44:in `dispatch_cgi'
    /var/lib/gems/1.8/gems/actionpack-2.3.5/lib/action_controller/dispatcher.rb:101:in `dispatch_cgi'
    /var/lib/gems/1.8/gems/actionpack-2.3.5/lib/action_controller/dispatcher.rb:27:in `dispatch'
    /var/lib/gems/1.8/gems/mongrel-1.1.5/bin/../lib/mongrel/rails.rb:76:in `process'
    /var/lib/gems/1.8/gems/mongrel-1.1.5/bin/../lib/mongrel/rails.rb:74:in `synchronize'
    /var/lib/gems/1.8/gems/mongrel-1.1.5/bin/../lib/mongrel/rails.rb:74:in `process'
    /var/lib/gems/1.8/gems/mongrel-1.1.5/bin/../lib/mongrel.rb:159:in `process_client'
    /var/lib/gems/1.8/gems/mongrel-1.1.5/bin/../lib/mongrel.rb:158:in `each'
    /var/lib/gems/1.8/gems/mongrel-1.1.5/bin/../lib/mongrel.rb:158:in `process_client'
    /var/lib/gems/1.8/gems/mongrel-1.1.5/bin/../lib/mongrel.rb:285:in `run'
    /var/lib/gems/1.8/gems/mongrel-1.1.5/bin/../lib/mongrel.rb:285:in `initialize'
    /var/lib/gems/1.8/gems/mongrel-1.1.5/bin/../lib/mongrel.rb:285:in `new'
    /var/lib/gems/1.8/gems/mongrel-1.1.5/bin/../lib/mongrel.rb:285:in `run'
    /var/lib/gems/1.8/gems/mongrel-1.1.5/bin/../lib/mongrel.rb:268:in `initialize'
    /var/lib/gems/1.8/gems/mongrel-1.1.5/bin/../lib/mongrel.rb:268:in `new'
    /var/lib/gems/1.8/gems/mongrel-1.1.5/bin/../lib/mongrel.rb:268:in `run'
    /var/lib/gems/1.8/gems/mongrel-1.1.5/bin/../lib/mongrel/configurator.rb:282:in `run'
    /var/lib/gems/1.8/gems/mongrel-1.1.5/bin/../lib/mongrel/configurator.rb:281:in `each'
    /var/lib/gems/1.8/gems/mongrel-1.1.5/bin/../lib/mongrel/configurator.rb:281:in `run'
    /var/lib/gems/1.8/gems/mongrel-1.1.5/bin/mongrel_rails:128:in `run'
    /var/lib/gems/1.8/gems/mongrel-1.1.5/bin/../lib/mongrel/command.rb:212:in `run'
    /var/lib/gems/1.8/gems/mongrel-1.1.5/bin/mongrel_rails:281
    /var/lib/gems/1.8/bin/mongrel_rails:19:in `load'
    /var/lib/gems/1.8/bin/mongrel_rails:19
  [4;36;1mSQL (0.1ms)[0m   [0;1mSET client_min_messages TO 'panic'[0m
  [4;35;1mSQL (0.1ms)[0m   [0mSET client_min_messages TO 'notice'[0m


Processing HomeController#index (for 127.0.0.1 at 2009-11-28 17:01:16) [GET]
Rendering template within layouts/default
Rendering home/index
Completed in 60ms (View: 55, DB: 0) | 200 OK [http://localhost/]
  [4;36;1mSQL (0.1ms)[0m   [0;1mSET client_min_messages TO 'panic'[0m
  [4;35;1mSQL (0.1ms)[0m   [0mSET client_min_messages TO 'notice'[0m


Processing ServersController#index (for 127.0.0.1 at 2009-11-28 17:01:17) [GET]
  [4;36;1mServer Load (116.8ms)[0m   [0;1mSELECT * FROM "servers" ORDER BY name[0m
Rendering template within layouts/default
Rendering servers/index
  [4;35;1mCustomer Load (14.4ms)[0m   [0mSELECT * FROM "customers" WHERE ("customers"."id" = 2) [0m
  [4;36;1mServeroperationsystem Load (19.3ms)[0m   [0;1mSELECT * FROM "serveroperationsystems" WHERE ("serveroperationsystems"."id" = 1) [0m
  [4;35;1mCACHE (0.0ms)[0m   [0mSELECT * FROM "customers" WHERE ("customers"."id" = 2) [0m
  [4;36;1mCACHE (0.0ms)[0m   [0;1mSELECT * FROM "serveroperationsystems" WHERE ("serveroperationsystems"."id" = 1) [0m
  [4;35;1mCACHE (0.0ms)[0m   [0mSELECT * FROM "customers" WHERE ("customers"."id" = 2) [0m
  [4;36;1mServeroperationsystem Load (0.4ms)[0m   [0;1mSELECT * FROM "serveroperationsystems" WHERE ("serveroperationsystems"."id" = 2) [0m
Completed in 405ms (View: 227, DB: 151) | 200 OK [http://localhost/servers]
  [4;35;1mSQL (0.3ms)[0m   [0mSET client_min_messages TO 'panic'[0m
  [4;36;1mSQL (0.1ms)[0m   [0;1mSET client_min_messages TO 'notice'[0m


Processing NetworksController#index (for 127.0.0.1 at 2009-11-28 17:01:18) [GET]
  [4;35;1mNetwork Load (13.2ms)[0m   [0mSELECT * FROM "networks" ORDER BY network[0m
Rendering template within layouts/default
Rendering networks/index
  [4;36;1mCustomer Load (1.0ms)[0m   [0;1mSELECT * FROM "customers" WHERE ("customers"."id" = 2) [0m
  [4;35;1mSQL (20.9ms)[0m   [0mSELECT count(*) AS count_all FROM "ips" WHERE ("ips".network_id = 3) [0m
Completed in 233ms (View: 178, DB: 35) | 200 OK [http://localhost/networks]
  [4;36;1mSQL (0.1ms)[0m   [0;1mSET client_min_messages TO 'panic'[0m
  [4;35;1mSQL (0.1ms)[0m   [0mSET client_min_messages TO 'notice'[0m


Processing IptypesController#index (for 127.0.0.1 at 2009-11-28 17:01:19) [GET]
  [4;36;1mIptype Load (13.4ms)[0m   [0;1mSELECT * FROM "iptypes" [0m
Rendering template within layouts/default
Rendering iptypes/index
Completed in 91ms (View: 47, DB: 14) | 200 OK [http://localhost/iptypes]
  [4;35;1mSQL (0.1ms)[0m   [0mSET client_min_messages TO 'panic'[0m
  [4;36;1mSQL (0.1ms)[0m   [0;1mSET client_min_messages TO 'notice'[0m


Processing ServertypesController#index (for 127.0.0.1 at 2009-11-28 17:01:20) [GET]
  [4;35;1mServertype Load (1.8ms)[0m   [0mSELECT * FROM "servertypes" [0m
Rendering template within layouts/default
Rendering servertypes/index
Completed in 85ms (View: 52, DB: 2) | 200 OK [http://localhost/servertypes]
  [4;36;1mSQL (0.1ms)[0m   [0;1mSET client_min_messages TO 'panic'[0m
  [4;35;1mSQL (0.1ms)[0m   [0mSET client_min_messages TO 'notice'[0m


Processing NetworksController#index (for 127.0.0.1 at 2009-11-28 17:01:20) [GET]
  [4;36;1mNetwork Load (2.4ms)[0m   [0;1mSELECT * FROM "networks" ORDER BY network[0m
Rendering template within layouts/default
Rendering networks/index
  [4;35;1mCustomer Load (0.7ms)[0m   [0mSELECT * FROM "customers" WHERE ("customers"."id" = 2) [0m
  [4;36;1mSQL (0.7ms)[0m   [0;1mSELECT count(*) AS count_all FROM "ips" WHERE ("ips".network_id = 3) [0m
Completed in 61ms (View: 43, DB: 4) | 200 OK [http://localhost/networks]
  [4;35;1mSQL (0.1ms)[0m   [0mSET client_min_messages TO 'panic'[0m
  [4;36;1mSQL (0.1ms)[0m   [0;1mSET client_min_messages TO 'notice'[0m


Processing ServertypesController#index (for 127.0.0.1 at 2009-11-28 17:01:21) [GET]
  [4;35;1mServertype Load (1.5ms)[0m   [0mSELECT * FROM "servertypes" [0m
Rendering template within layouts/default
Rendering servertypes/index
Completed in 59ms (View: 38, DB: 2) | 200 OK [http://localhost/servertypes]
  [4;36;1mSQL (0.1ms)[0m   [0;1mSET client_min_messages TO 'panic'[0m
  [4;35;1mSQL (0.1ms)[0m   [0mSET client_min_messages TO 'notice'[0m


Processing ServeroperationsystemsController#index (for 127.0.0.1 at 2009-11-28 17:01:22) [GET]
  [4;36;1mServeroperationsystem Load (1.9ms)[0m   [0;1mSELECT * FROM "serveroperationsystems" [0m
Rendering template within layouts/default
Rendering serveroperationsystems/index
Completed in 77ms (View: 64, DB: 2) | 200 OK [http://localhost/serveroperationsystems]
  [4;35;1mSQL (0.1ms)[0m   [0mSET client_min_messages TO 'panic'[0m
  [4;36;1mSQL (0.1ms)[0m   [0;1mSET client_min_messages TO 'notice'[0m


Processing ServersController#index (for 127.0.0.1 at 2009-11-28 17:01:22) [GET]
  [4;35;1mServer Load (2.4ms)[0m   [0mSELECT * FROM "servers" ORDER BY name[0m
Rendering template within layouts/default
Rendering servers/index
  [4;36;1mCustomer Load (0.7ms)[0m   [0;1mSELECT * FROM "customers" WHERE ("customers"."id" = 2) [0m
  [4;35;1mServeroperationsystem Load (0.7ms)[0m   [0mSELECT * FROM "serveroperationsystems" WHERE ("serveroperationsystems"."id" = 1) [0m
  [4;36;1mCACHE (0.0ms)[0m   [0;1mSELECT * FROM "customers" WHERE ("customers"."id" = 2) [0m
  [4;35;1mCACHE (0.0ms)[0m   [0mSELECT * FROM "serveroperationsystems" WHERE ("serveroperationsystems"."id" = 1) [0m
  [4;36;1mCACHE (0.0ms)[0m   [0;1mSELECT * FROM "customers" WHERE ("customers"."id" = 2) [0m
  [4;35;1mServeroperationsystem Load (0.5ms)[0m   [0mSELECT * FROM "serveroperationsystems" WHERE ("serveroperationsystems"."id" = 2) [0m
Completed in 78ms (View: 58, DB: 4) | 200 OK [http://localhost/servers]
  [4;36;1mSQL (0.1ms)[0m   [0;1mSET client_min_messages TO 'panic'[0m
  [4;35;1mSQL (0.1ms)[0m   [0mSET client_min_messages TO 'notice'[0m


Processing HomeController#index (for 127.0.0.1 at 2009-11-28 19:49:27) [GET]
Rendering template within layouts/default
Rendering home/index
Completed in 51ms (View: 46, DB: 0) | 200 OK [http://localhost/]
  [4;36;1mSQL (0.1ms)[0m   [0;1mSET client_min_messages TO 'panic'[0m
  [4;35;1mSQL (0.1ms)[0m   [0mSET client_min_messages TO 'notice'[0m


Processing CustomersController#index (for 127.0.0.1 at 2009-11-28 19:49:53) [GET]
  [4;36;1mCustomer Load (1.5ms)[0m   [0;1mSELECT * FROM "customers" [0m
Rendering template within layouts/default
Rendering customers/index
Completed in 92ms (View: 67, DB: 2) | 200 OK [http://localhost/customers]
  [4;35;1mSQL (0.1ms)[0m   [0mSET client_min_messages TO 'panic'[0m
  [4;36;1mSQL (0.1ms)[0m   [0;1mSET client_min_messages TO 'notice'[0m


Processing ServersController#index (for 127.0.0.1 at 2009-11-28 19:49:54) [GET]
  [4;35;1mServer Load (2.5ms)[0m   [0mSELECT * FROM "servers" ORDER BY name[0m
Rendering template within layouts/default
Rendering servers/index
  [4;36;1mCustomer Load (0.8ms)[0m   [0;1mSELECT * FROM "customers" WHERE ("customers"."id" = 2) [0m
  [4;35;1mServeroperationsystem Load (0.7ms)[0m   [0mSELECT * FROM "serveroperationsystems" WHERE ("serveroperationsystems"."id" = 1) [0m
  [4;36;1mCACHE (0.0ms)[0m   [0;1mSELECT * FROM "customers" WHERE ("customers"."id" = 2) [0m
  [4;35;1mCACHE (0.0ms)[0m   [0mSELECT * FROM "serveroperationsystems" WHERE ("serveroperationsystems"."id" = 1) [0m
  [4;36;1mCACHE (0.0ms)[0m   [0;1mSELECT * FROM "customers" WHERE ("customers"."id" = 2) [0m
  [4;35;1mServeroperationsystem Load (2.2ms)[0m   [0mSELECT * FROM "serveroperationsystems" WHERE ("serveroperationsystems"."id" = 2) [0m
Completed in 91ms (View: 71, DB: 6) | 200 OK [http://localhost/servers]
  [4;36;1mSQL (0.1ms)[0m   [0;1mSET client_min_messages TO 'panic'[0m
  [4;35;1mSQL (0.1ms)[0m   [0mSET client_min_messages TO 'notice'[0m
  [4;36;1mSQL (15.1ms)[0m   [0;1mSELECT version FROM schema_migrations[0m
Migrating to CreateNetworks (20091120222418)
Migrating to CreateIptypes (20091120224413)
Migrating to CreateIps (20091120232202)
Migrating to CreateServertypes (20091120233411)
Migrating to AddReferenceIps (20091121001712)
Migrating to AddReferenceIpsServer (20091122001813)
Migrating to CreateServers (20091122161051)
Migrating to CreateCustomers (20091123180724)
Migrating to CreateServerReferenceCustomer (20091123180834)
Migrating to CreateServermacs (20091123181808)
Migrating to CreateServeroperationsystems (20091123191139)
Migrating to AddReferenceServerOsType (20091123204815)
Migrating to AddPreseedConfigurationPerOs (20091127200320)
Migrating to AddCustomterToNetworks (20091127235631)
Migrating to CreateServerTypeHardwares (20091128190210)
  [4;35;1mSQL (14.6ms)[0m   [0mBEGIN[0m
  [4;36;1mSQL (445.6ms)[0m   [0;1mCREATE TABLE "server_type_hardwares" ("id" serial primary key, "name" character varying(255), "created_at" timestamp, "updated_at" timestamp) [0m
  [4;35;1mSQL (53.4ms)[0m   [0mINSERT INTO "server_type_hardwares" ("name", "created_at", "updated_at") VALUES(E'Hardware', '2009-11-28 19:06:00.772629', '2009-11-28 19:06:00.772629') RETURNING "id"[0m
  [4;36;1mSQL (0.4ms)[0m   [0;1mINSERT INTO "server_type_hardwares" ("name", "created_at", "updated_at") VALUES(E'Virtual', '2009-11-28 19:06:00.901440', '2009-11-28 19:06:00.901440') RETURNING "id"[0m
  [4;35;1mSQL (0.4ms)[0m   [0mINSERT INTO "server_type_hardwares" ("name", "created_at", "updated_at") VALUES(E'n/a', '2009-11-28 19:06:00.904038', '2009-11-28 19:06:00.904038') RETURNING "id"[0m
  [4;36;1mSQL (1.0ms)[0m   [0;1mINSERT INTO schema_migrations (version) VALUES ('20091128190210')[0m
  [4;35;1mSQL (1.0ms)[0m   [0mCOMMIT[0m
  [4;36;1mSQL (0.3ms)[0m   [0;1mSELECT version FROM schema_migrations[0m
  [4;36;1mSQL (0.1ms)[0m   [0;1mSET client_min_messages TO 'panic'[0m
  [4;35;1mSQL (0.1ms)[0m   [0mSET client_min_messages TO 'notice'[0m


Processing ServersController#index (for 127.0.0.1 at 2009-11-28 20:07:24) [GET]
  [4;36;1mServer Load (2.4ms)[0m   [0;1mSELECT * FROM "servers" ORDER BY name[0m
Rendering template within layouts/default
Rendering servers/index
  [4;35;1mCustomer Load (0.7ms)[0m   [0mSELECT * FROM "customers" WHERE ("customers"."id" = 2) [0m
  [4;36;1mServeroperationsystem Load (0.8ms)[0m   [0;1mSELECT * FROM "serveroperationsystems" WHERE ("serveroperationsystems"."id" = 1) [0m
  [4;35;1mCACHE (0.0ms)[0m   [0mSELECT * FROM "customers" WHERE ("customers"."id" = 2) [0m
  [4;36;1mCACHE (0.0ms)[0m   [0;1mSELECT * FROM "serveroperationsystems" WHERE ("serveroperationsystems"."id" = 1) [0m
  [4;35;1mCACHE (0.0ms)[0m   [0mSELECT * FROM "customers" WHERE ("customers"."id" = 2) [0m
  [4;36;1mServeroperationsystem Load (0.4ms)[0m   [0;1mSELECT * FROM "serveroperationsystems" WHERE ("serveroperationsystems"."id" = 2) [0m
Completed in 148ms (View: 59, DB: 5) | 200 OK [http://localhost/servers]
  [4;35;1mSQL (0.1ms)[0m   [0mSET client_min_messages TO 'panic'[0m
  [4;36;1mSQL (0.1ms)[0m   [0;1mSET client_min_messages TO 'notice'[0m


Processing ServertypesController#index (for 127.0.0.1 at 2009-11-28 20:07:27) [GET]
  [4;35;1mServertype Load (1.4ms)[0m   [0mSELECT * FROM "servertypes" [0m
Rendering template within layouts/default
Rendering servertypes/index
Completed in 48ms (View: 35, DB: 2) | 200 OK [http://localhost/servertypes]
  [4;36;1mSQL (0.1ms)[0m   [0;1mSET client_min_messages TO 'panic'[0m
  [4;35;1mSQL (0.1ms)[0m   [0mSET client_min_messages TO 'notice'[0m


Processing ServertypesController#show (for 127.0.0.1 at 2009-11-28 20:07:29) [GET]
  Parameters: {"id"=>"1"}
  [4;36;1mServertype Load (12.0ms)[0m   [0;1mSELECT * FROM "servertypes" WHERE ("servertypes"."id" = 1) [0m
Rendering template within layouts/default
Rendering servertypes/show
Completed in 62ms (View: 32, DB: 12) | 200 OK [http://localhost/servertypes/1]
  [4;36;1mSQL (0.1ms)[0m   [0;1mSET client_min_messages TO 'panic'[0m
  [4;35;1mSQL (0.1ms)[0m   [0mSET client_min_messages TO 'notice'[0m
  [4;36;1mSQL (0.7ms)[0m   [0;1mSELECT version FROM schema_migrations[0m
Migrating to CreateNetworks (20091120222418)
Migrating to CreateIptypes (20091120224413)
Migrating to CreateIps (20091120232202)
Migrating to CreateServertypes (20091120233411)
Migrating to AddReferenceIps (20091121001712)
Migrating to AddReferenceIpsServer (20091122001813)
Migrating to CreateServers (20091122161051)
Migrating to CreateCustomers (20091123180724)
Migrating to CreateServerReferenceCustomer (20091123180834)
Migrating to CreateServermacs (20091123181808)
Migrating to CreateServeroperationsystems (20091123191139)
Migrating to AddReferenceServerOsType (20091123204815)
Migrating to AddPreseedConfigurationPerOs (20091127200320)
Migrating to AddCustomterToNetworks (20091127235631)
Migrating to CreateServerTypeHardwares (20091128190210)
Migrating to AddReferenceServerTypesHardwareId (20091128190817)
  [4;35;1mSQL (0.1ms)[0m   [0mBEGIN[0m
  [4;36;1mSQL (77.3ms)[0m   [0;1mALTER TABLE "servertypes" ADD COLUMN "server_type_hardware_id" integer[0m
  [4;35;1mSQL (0.4ms)[0m   [0mINSERT INTO schema_migrations (version) VALUES ('20091128190817')[0m
  [4;36;1mSQL (94.1ms)[0m   [0;1mCOMMIT[0m
  [4;35;1mSQL (0.3ms)[0m   [0mSELECT version FROM schema_migrations[0m
  [4;35;1mSQL (0.1ms)[0m   [0mSET client_min_messages TO 'panic'[0m
  [4;36;1mSQL (0.1ms)[0m   [0;1mSET client_min_messages TO 'notice'[0m


Processing ServertypesController#show (for 127.0.0.1 at 2009-11-28 20:10:02) [GET]
  Parameters: {"id"=>"1"}
  [4;35;1mServertype Load (0.9ms)[0m   [0mSELECT * FROM "servertypes" WHERE ("servertypes"."id" = 1) [0m
Rendering template within layouts/default
Rendering servertypes/show
Completed in 30ms (View: 10, DB: 1) | 200 OK [http://localhost/servertypes/1]
  [4;36;1mSQL (0.1ms)[0m   [0;1mSET client_min_messages TO 'panic'[0m
  [4;35;1mSQL (0.1ms)[0m   [0mSET client_min_messages TO 'notice'[0m


Processing ServertypesController#show (for 127.0.0.1 at 2009-11-28 20:10:42) [GET]
  Parameters: {"id"=>"1"}
  [4;36;1mServertype Load (0.9ms)[0m   [0;1mSELECT * FROM "servertypes" WHERE ("servertypes"."id" = 1) [0m
Rendering template within layouts/default
Rendering servertypes/show

ActionView::TemplateError (undefined method `name' for nil:NilClass) on line #3 of app/views/servertypes/show.html.erb:
1: <p>
2:   <b>Name:</b>
3:   <%=h @servertype.name %> ( <%=h @servertype.ServerTypeHardware.name %> )
4: </p>
5: 
6: 

    app/views/servertypes/show.html.erb:3
    app/controllers/servertypes_controller.rb:13:in `show'

Rendered rescues/_trace (82.5ms)
Rendered rescues/_request_and_response (2.2ms)
Rendering rescues/layout (internal_server_error)
  [4;35;1mSQL (0.1ms)[0m   [0mSET client_min_messages TO 'panic'[0m
  [4;36;1mSQL (0.1ms)[0m   [0;1mSET client_min_messages TO 'notice'[0m


Processing ServertypesController#show (for 127.0.0.1 at 2009-11-28 20:10:52) [GET]
  Parameters: {"id"=>"1"}
  [4;35;1mServertype Load (0.8ms)[0m   [0mSELECT * FROM "servertypes" WHERE ("servertypes"."id" = 1) [0m
Rendering template within layouts/default
Rendering servertypes/show

ActionView::TemplateError (undefined method `servertypehardware' for #<Servertype:0xb64fb008>) on line #3 of app/views/servertypes/show.html.erb:
1: <p>
2:   <b>Name:</b>
3:   <%=h @servertype.name %> ( <%=h @servertype.servertypehardware.name %> )
4: </p>
5: 
6: 

    app/views/servertypes/show.html.erb:3
    app/controllers/servertypes_controller.rb:13:in `show'

Rendered rescues/_trace (160.7ms)
Rendered rescues/_request_and_response (0.6ms)
Rendering rescues/layout (internal_server_error)
  [4;36;1mSQL (0.1ms)[0m   [0;1mSET client_min_messages TO 'panic'[0m
  [4;35;1mSQL (0.1ms)[0m   [0mSET client_min_messages TO 'notice'[0m


Processing ServertypesController#show (for 127.0.0.1 at 2009-11-28 20:10:58) [GET]
  Parameters: {"id"=>"1"}
  [4;36;1mServertype Load (0.8ms)[0m   [0;1mSELECT * FROM "servertypes" WHERE ("servertypes"."id" = 1) [0m
Rendering template within layouts/default
Rendering servertypes/show

ActionView::TemplateError (undefined method `server_type_hardware' for #<Servertype:0xb6620ac8>) on line #3 of app/views/servertypes/show.html.erb:
1: <p>
2:   <b>Name:</b>
3:   <%=h @servertype.name %> ( <%=h @servertype.server_type_hardware.name %> )
4: </p>
5: 
6: 

    app/views/servertypes/show.html.erb:3
    app/controllers/servertypes_controller.rb:13:in `show'

Rendered rescues/_trace (76.8ms)
Rendered rescues/_request_and_response (0.5ms)
Rendering rescues/layout (internal_server_error)
  [4;35;1mSQL (0.1ms)[0m   [0mSET client_min_messages TO 'panic'[0m
  [4;36;1mSQL (0.1ms)[0m   [0;1mSET client_min_messages TO 'notice'[0m


Processing ServertypesController#show (for 127.0.0.1 at 2009-11-28 20:11:49) [GET]
  Parameters: {"id"=>"1"}
  [4;35;1mServertype Load (0.9ms)[0m   [0mSELECT * FROM "servertypes" WHERE ("servertypes"."id" = 1) [0m
Rendering template within layouts/default
Rendering servertypes/show

ActionView::TemplateError (undefined method `server_type_hardware' for #<Servertype:0xb64b0d14>) on line #3 of app/views/servertypes/show.html.erb:
1: <p>
2:   <b>Name:</b>
3:   <%=h @servertype.name %> ( <%=h @servertype.server_type_hardware.name %> )
4: </p>
5: 
6: 

    app/views/servertypes/show.html.erb:3
    app/controllers/servertypes_controller.rb:13:in `show'

Rendered rescues/_trace (161.7ms)
Rendered rescues/_request_and_response (0.5ms)
Rendering rescues/layout (internal_server_error)
  [4;36;1mSQL (0.1ms)[0m   [0;1mSET client_min_messages TO 'panic'[0m
  [4;35;1mSQL (0.1ms)[0m   [0mSET client_min_messages TO 'notice'[0m


Processing ServertypesController#show (for 127.0.0.1 at 2009-11-28 20:11:58) [GET]
  Parameters: {"id"=>"1"}
  [4;36;1mServertype Load (0.8ms)[0m   [0;1mSELECT * FROM "servertypes" WHERE ("servertypes"."id" = 1) [0m
Rendering template within layouts/default
Rendering servertypes/show

ActionView::TemplateError (undefined method `name' for nil:NilClass) on line #3 of app/views/servertypes/show.html.erb:
1: <p>
2:   <b>Name:</b>
3:   <%=h @servertype.name %> ( <%=h @servertype.servertypehardware.name %> )
4: </p>
5: 
6: 

    app/views/servertypes/show.html.erb:3
    app/controllers/servertypes_controller.rb:13:in `show'

Rendered rescues/_trace (75.0ms)
Rendered rescues/_request_and_response (0.5ms)
Rendering rescues/layout (internal_server_error)
  [4;35;1mSQL (0.1ms)[0m   [0mSET client_min_messages TO 'panic'[0m
  [4;36;1mSQL (0.1ms)[0m   [0;1mSET client_min_messages TO 'notice'[0m


Processing ServertypesController#show (for 127.0.0.1 at 2009-11-28 20:13:55) [GET]
  Parameters: {"id"=>"1"}
  [4;35;1mServertype Load (0.8ms)[0m   [0mSELECT * FROM "servertypes" WHERE ("servertypes"."id" = 1) [0m
Rendering template within layouts/default
Rendering servertypes/show

ActionView::TemplateError (undefined method `name' for nil:NilClass) on line #3 of app/views/servertypes/show.html.erb:
1: <p>
2:   <b>Name:</b>
3:   <%=h @servertype.name %> ( <%=h @servertype.servertypehardware.name %> )
4: </p>
5: 
6: 

    app/views/servertypes/show.html.erb:3
    app/controllers/servertypes_controller.rb:13:in `show'

Rendered rescues/_trace (82.2ms)
Rendered rescues/_request_and_response (0.5ms)
Rendering rescues/layout (internal_server_error)
  [4;36;1mSQL (0.1ms)[0m   [0;1mSET client_min_messages TO 'panic'[0m
  [4;35;1mSQL (0.1ms)[0m   [0mSET client_min_messages TO 'notice'[0m


Processing ServertypesController#show (for 127.0.0.1 at 2009-11-28 20:15:26) [GET]
  Parameters: {"id"=>"1"}
  [4;36;1mServertype Load (0.9ms)[0m   [0;1mSELECT * FROM "servertypes" WHERE ("servertypes"."id" = 1) [0m
Rendering template within layouts/default
Rendering servertypes/show

ActionView::TemplateError (undefined method `servertypehardware' for #<Servertype:0xb65503c8>) on line #3 of app/views/servertypes/show.html.erb:
1: <p>
2:   <b>Name:</b>
3:   <%=h @servertype.name %> ( <%=h @servertype.servertypehardware.name %> )
4: </p>
5: 
6: 

    app/views/servertypes/show.html.erb:3
    app/controllers/servertypes_controller.rb:13:in `show'

Rendered rescues/_trace (74.9ms)
Rendered rescues/_request_and_response (0.5ms)
Rendering rescues/layout (internal_server_error)
  [4;35;1mSQL (0.2ms)[0m   [0mSET client_min_messages TO 'panic'[0m
  [4;36;1mSQL (0.1ms)[0m   [0;1mSET client_min_messages TO 'notice'[0m


Processing ServertypesController#show (for 127.0.0.1 at 2009-11-28 20:15:41) [GET]
  Parameters: {"id"=>"1"}
  [4;35;1mServertype Load (0.9ms)[0m   [0mSELECT * FROM "servertypes" WHERE ("servertypes"."id" = 1) [0m
Rendering template within layouts/default
Rendering servertypes/show
  [4;36;1mServerTypeHardware Load (0.7ms)[0m   [0;1mSELECT * FROM "server_type_hardwares" WHERE ("server_type_hardwares"."id" = 2) [0m
Completed in 44ms (View: 25, DB: 2) | 200 OK [http://localhost/servertypes/1]
  [4;35;1mSQL (0.1ms)[0m   [0mSET client_min_messages TO 'panic'[0m
  [4;36;1mSQL (0.3ms)[0m   [0;1mSET client_min_messages TO 'notice'[0m


Processing ServertypesController#show (for 127.0.0.1 at 2009-11-28 20:16:21) [GET]
  Parameters: {"id"=>"1"}
  [4;35;1mServertype Load (0.9ms)[0m   [0mSELECT * FROM "servertypes" WHERE ("servertypes"."id" = 1) [0m
Rendering template within layouts/default
Rendering servertypes/show
  [4;36;1mServerTypeHardware Load (0.7ms)[0m   [0;1mSELECT * FROM "server_type_hardwares" WHERE ("server_type_hardwares"."id" = 2) [0m
Completed in 39ms (View: 20, DB: 2) | 200 OK [http://localhost/servertypes/1]
  [4;35;1mSQL (0.1ms)[0m   [0mSET client_min_messages TO 'panic'[0m
  [4;36;1mSQL (0.1ms)[0m   [0;1mSET client_min_messages TO 'notice'[0m


Processing ServertypesController#show (for 127.0.0.1 at 2009-11-28 20:16:26) [GET]
  Parameters: {"id"=>"1"}
  [4;35;1mServertype Load (0.9ms)[0m   [0mSELECT * FROM "servertypes" WHERE ("servertypes"."id" = 1) [0m
Rendering template within layouts/default
Rendering servertypes/show
  [4;36;1mServerTypeHardware Load (0.6ms)[0m   [0;1mSELECT * FROM "server_type_hardwares" WHERE ("server_type_hardwares"."id" = 2) [0m
Completed in 38ms (View: 19, DB: 2) | 200 OK [http://localhost/servertypes/1]
  [4;35;1mSQL (0.1ms)[0m   [0mSET client_min_messages TO 'panic'[0m
  [4;36;1mSQL (0.1ms)[0m   [0;1mSET client_min_messages TO 'notice'[0m


Processing ServersController#index (for 127.0.0.1 at 2009-11-28 20:16:29) [GET]
  [4;35;1mServer Load (2.4ms)[0m   [0mSELECT * FROM "servers" ORDER BY name[0m
Rendering template within layouts/default
Rendering servers/index
  [4;36;1mCustomer Load (0.7ms)[0m   [0;1mSELECT * FROM "customers" WHERE ("customers"."id" = 2) [0m
  [4;35;1mServeroperationsystem Load (0.7ms)[0m   [0mSELECT * FROM "serveroperationsystems" WHERE ("serveroperationsystems"."id" = 1) [0m
  [4;36;1mCACHE (0.0ms)[0m   [0;1mSELECT * FROM "customers" WHERE ("customers"."id" = 2) [0m
  [4;35;1mCACHE (0.0ms)[0m   [0mSELECT * FROM "serveroperationsystems" WHERE ("serveroperationsystems"."id" = 1) [0m
  [4;36;1mCACHE (0.0ms)[0m   [0;1mSELECT * FROM "customers" WHERE ("customers"."id" = 2) [0m
  [4;35;1mServeroperationsystem Load (0.5ms)[0m   [0mSELECT * FROM "serveroperationsystems" WHERE ("serveroperationsystems"."id" = 2) [0m
Completed in 144ms (View: 126, DB: 4) | 200 OK [http://localhost/servers]
  [4;36;1mSQL (0.1ms)[0m   [0;1mSET client_min_messages TO 'panic'[0m
  [4;35;1mSQL (0.1ms)[0m   [0mSET client_min_messages TO 'notice'[0m


Processing ServeroperationsystemsController#index (for 127.0.0.1 at 2009-11-28 20:16:31) [GET]
  [4;36;1mServeroperationsystem Load (1.5ms)[0m   [0;1mSELECT * FROM "serveroperationsystems" [0m
Rendering template within layouts/default
Rendering serveroperationsystems/index
Completed in 60ms (View: 47, DB: 2) | 200 OK [http://localhost/serveroperationsystems]
  [4;35;1mSQL (0.1ms)[0m   [0mSET client_min_messages TO 'panic'[0m
  [4;36;1mSQL (0.1ms)[0m   [0;1mSET client_min_messages TO 'notice'[0m


Processing ServertypesController#index (for 127.0.0.1 at 2009-11-28 20:16:32) [GET]
  [4;35;1mServertype Load (1.4ms)[0m   [0mSELECT * FROM "servertypes" [0m
Rendering template within layouts/default
Rendering servertypes/index
Completed in 38ms (View: 26, DB: 2) | 200 OK [http://localhost/servertypes]
  [4;36;1mSQL (0.1ms)[0m   [0;1mSET client_min_messages TO 'panic'[0m
  [4;35;1mSQL (0.1ms)[0m   [0mSET client_min_messages TO 'notice'[0m


Processing ServersController#index (for 127.0.0.1 at 2009-11-28 20:16:40) [GET]
  [4;36;1mServer Load (2.4ms)[0m   [0;1mSELECT * FROM "servers" ORDER BY name[0m
Rendering template within layouts/default
Rendering servers/index
  [4;35;1mCustomer Load (0.7ms)[0m   [0mSELECT * FROM "customers" WHERE ("customers"."id" = 2) [0m
  [4;36;1mServeroperationsystem Load (1.1ms)[0m   [0;1mSELECT * FROM "serveroperationsystems" WHERE ("serveroperationsystems"."id" = 1) [0m
  [4;35;1mCACHE (0.0ms)[0m   [0mSELECT * FROM "customers" WHERE ("customers"."id" = 2) [0m
  [4;36;1mCACHE (0.0ms)[0m   [0;1mSELECT * FROM "serveroperationsystems" WHERE ("serveroperationsystems"."id" = 1) [0m
  [4;35;1mCACHE (0.0ms)[0m   [0mSELECT * FROM "customers" WHERE ("customers"."id" = 2) [0m
  [4;36;1mServeroperationsystem Load (0.4ms)[0m   [0;1mSELECT * FROM "serveroperationsystems" WHERE ("serveroperationsystems"."id" = 2) [0m
Completed in 73ms (View: 56, DB: 5) | 200 OK [http://localhost/servers]
  [4;35;1mSQL (0.1ms)[0m   [0mSET client_min_messages TO 'panic'[0m
  [4;36;1mSQL (0.1ms)[0m   [0;1mSET client_min_messages TO 'notice'[0m


Processing ServertypesController#index (for 127.0.0.1 at 2009-11-28 20:16:42) [GET]
  [4;35;1mServertype Load (1.4ms)[0m   [0mSELECT * FROM "servertypes" [0m
Rendering template within layouts/default
Rendering servertypes/index
Completed in 39ms (View: 26, DB: 2) | 200 OK [http://localhost/servertypes]
  [4;36;1mSQL (0.1ms)[0m   [0;1mSET client_min_messages TO 'panic'[0m
  [4;35;1mSQL (0.1ms)[0m   [0mSET client_min_messages TO 'notice'[0m


Processing ServertypesController#index (for 127.0.0.1 at 2009-11-28 20:17:20) [GET]
  [4;36;1mServertype Load (1.5ms)[0m   [0;1mSELECT * FROM "servertypes" [0m
Rendering template within layouts/default
Rendering servertypes/index
  [4;35;1mServerTypeHardware Load (0.7ms)[0m   [0mSELECT * FROM "server_type_hardwares" WHERE ("server_type_hardwares"."id" = 2) [0m
  [4;36;1mServerTypeHardware Load (0.4ms)[0m   [0;1mSELECT * FROM "server_type_hardwares" WHERE ("server_type_hardwares"."id" = 1) [0m
Completed in 59ms (View: 44, DB: 3) | 200 OK [http://localhost/servertypes]
  [4;35;1mSQL (0.1ms)[0m   [0mSET client_min_messages TO 'panic'[0m
  [4;36;1mSQL (0.1ms)[0m   [0;1mSET client_min_messages TO 'notice'[0m


Processing ServersController#index (for 127.0.0.1 at 2009-11-28 20:19:43) [GET]
  [4;35;1mServer Load (2.4ms)[0m   [0mSELECT * FROM "servers" ORDER BY name[0m
Rendering template within layouts/default
Rendering servers/index
  [4;36;1mCustomer Load (0.7ms)[0m   [0;1mSELECT * FROM "customers" WHERE ("customers"."id" = 2) [0m
  [4;35;1mServeroperationsystem Load (0.7ms)[0m   [0mSELECT * FROM "serveroperationsystems" WHERE ("serveroperationsystems"."id" = 1) [0m
  [4;36;1mCACHE (0.0ms)[0m   [0;1mSELECT * FROM "customers" WHERE ("customers"."id" = 2) [0m
  [4;35;1mCACHE (0.0ms)[0m   [0mSELECT * FROM "serveroperationsystems" WHERE ("serveroperationsystems"."id" = 1) [0m
  [4;36;1mCACHE (0.0ms)[0m   [0;1mSELECT * FROM "customers" WHERE ("customers"."id" = 2) [0m
  [4;35;1mServeroperationsystem Load (0.4ms)[0m   [0mSELECT * FROM "serveroperationsystems" WHERE ("serveroperationsystems"."id" = 2) [0m
Completed in 77ms (View: 59, DB: 4) | 200 OK [http://localhost/servers]
  [4;36;1mSQL (0.1ms)[0m   [0;1mSET client_min_messages TO 'panic'[0m
  [4;35;1mSQL (0.1ms)[0m   [0mSET client_min_messages TO 'notice'[0m


Processing ServersController#show (for 127.0.0.1 at 2009-11-28 20:19:45) [GET]
  Parameters: {"id"=>"2"}
  [4;36;1mServer Load (10.5ms)[0m   [0;1mSELECT * FROM "servers" WHERE ("servers"."id" = 2) ORDER BY name[0m
Rendering template within layouts/default
Rendering servers/show
Rendered servers/_server_menubar (11.2ms)
  [4;35;1mCustomer Load (0.6ms)[0m   [0mSELECT * FROM "customers" WHERE ("customers"."id" = 2) [0m
  [4;36;1mServertype Load (0.6ms)[0m   [0;1mSELECT * FROM "servertypes" WHERE ("servertypes"."id" = 2) [0m
  [4;35;1mServeroperationsystem Load (0.7ms)[0m   [0mSELECT * FROM "serveroperationsystems" WHERE ("serveroperationsystems"."id" = 1) [0m
  [4;36;1mSQL (0.7ms)[0m   [0;1mSELECT count(*) AS count_all FROM "ips" WHERE ("ips".server_id = 2) [0m
  [4;35;1mIp Load (6.6ms)[0m   [0mSELECT * FROM "ips" WHERE ("ips".server_id = 2) ORDER BY ip[0m
  [4;36;1mIptype Load (22.6ms)[0m   [0;1mSELECT * FROM "iptypes" WHERE ("iptypes"."id" = 1) [0m
  [4;35;1mNetwork Load (6.6ms)[0m   [0mSELECT * FROM "networks" WHERE ("networks"."id" = 3) ORDER BY network[0m
  [4;36;1mCACHE (0.0ms)[0m   [0;1mSELECT * FROM "iptypes" WHERE ("iptypes"."id" = 1) [0m
  [4;35;1mCACHE (0.0ms)[0m   [0mSELECT * FROM "networks" WHERE ("networks"."id" = 3) ORDER BY network[0m
  [4;36;1mSQL (10.6ms)[0m   [0;1mSELECT count(*) AS count_all FROM "servermacs" WHERE ("servermacs".server_id = 2) [0m
  [4;35;1mServermac Load (0.4ms)[0m   [0mSELECT * FROM "servermacs" WHERE ("servermacs".server_id = 2) [0m
Rendered servers/_server_infos (282.8ms)
Completed in 355ms (View: 276, DB: 60) | 200 OK [http://localhost/servers/2]
  [4;36;1mSQL (0.2ms)[0m   [0;1mSET client_min_messages TO 'panic'[0m
  [4;35;1mSQL (0.1ms)[0m   [0mSET client_min_messages TO 'notice'[0m


Processing ServertypesController#index (for 127.0.0.1 at 2009-11-28 20:19:47) [GET]
  [4;36;1mServertype Load (1.5ms)[0m   [0;1mSELECT * FROM "servertypes" [0m
Rendering template within layouts/default
Rendering servertypes/index
  [4;35;1mServerTypeHardware Load (0.7ms)[0m   [0mSELECT * FROM "server_type_hardwares" WHERE ("server_type_hardwares"."id" = 2) [0m
  [4;36;1mServerTypeHardware Load (0.4ms)[0m   [0;1mSELECT * FROM "server_type_hardwares" WHERE ("server_type_hardwares"."id" = 1) [0m
Completed in 60ms (View: 46, DB: 3) | 200 OK [http://localhost/servertypes]
  [4;35;1mSQL (0.1ms)[0m   [0mSET client_min_messages TO 'panic'[0m
  [4;36;1mSQL (0.1ms)[0m   [0;1mSET client_min_messages TO 'notice'[0m


Processing ServertypesController#show (for 127.0.0.1 at 2009-11-28 20:19:50) [GET]
  Parameters: {"id"=>"1"}
  [4;35;1mServertype Load (0.9ms)[0m   [0mSELECT * FROM "servertypes" WHERE ("servertypes"."id" = 1) [0m
Rendering template within layouts/default
Rendering servertypes/show
Rendered servertypes/_serverytpe_menubar (0.6ms)
  [4;36;1mServerTypeHardware Load (0.6ms)[0m   [0;1mSELECT * FROM "server_type_hardwares" WHERE ("server_type_hardwares"."id" = 2) [0m
Completed in 50ms (View: 32, DB: 2) | 200 OK [http://localhost/servertypes/1]
  [4;35;1mSQL (0.1ms)[0m   [0mSET client_min_messages TO 'panic'[0m
  [4;36;1mSQL (0.1ms)[0m   [0;1mSET client_min_messages TO 'notice'[0m


Processing ServertypesController#show (for 127.0.0.1 at 2009-11-28 20:20:06) [GET]
  Parameters: {"id"=>"1"}
  [4;35;1mServertype Load (0.9ms)[0m   [0mSELECT * FROM "servertypes" WHERE ("servertypes"."id" = 1) [0m
Rendering template within layouts/default
Rendering servertypes/show
Rendered servertypes/_serverytpe_menubar (4.8ms)
  [4;36;1mServerTypeHardware Load (0.7ms)[0m   [0;1mSELECT * FROM "server_type_hardwares" WHERE ("server_type_hardwares"."id" = 2) [0m
Completed in 47ms (View: 29, DB: 2) | 200 OK [http://localhost/servertypes/1]
  [4;35;1mSQL (0.1ms)[0m   [0mSET client_min_messages TO 'panic'[0m
  [4;36;1mSQL (0.2ms)[0m   [0;1mSET client_min_messages TO 'notice'[0m


Processing ServertypesController#show (for 127.0.0.1 at 2009-11-28 20:20:16) [GET]
  Parameters: {"id"=>"1"}
  [4;35;1mServertype Load (1.2ms)[0m   [0mSELECT * FROM "servertypes" WHERE ("servertypes"."id" = 1) [0m
Rendering template within layouts/default
Rendering servertypes/show
Rendered servertypes/_serverytpe_menubar (2.0ms)
  [4;36;1mServerTypeHardware Load (0.6ms)[0m   [0;1mSELECT * FROM "server_type_hardwares" WHERE ("server_type_hardwares"."id" = 2) [0m
Completed in 47ms (View: 27, DB: 2) | 200 OK [http://localhost/servertypes/1]
  [4;35;1mSQL (0.2ms)[0m   [0mSET client_min_messages TO 'panic'[0m
  [4;36;1mSQL (0.1ms)[0m   [0;1mSET client_min_messages TO 'notice'[0m


Processing ServersController#index (for 127.0.0.1 at 2009-11-28 20:21:03) [GET]
  [4;35;1mServer Load (2.4ms)[0m   [0mSELECT * FROM "servers" ORDER BY name[0m
Rendering template within layouts/default
Rendering servers/index
  [4;36;1mCustomer Load (0.7ms)[0m   [0;1mSELECT * FROM "customers" WHERE ("customers"."id" = 2) [0m
  [4;35;1mServeroperationsystem Load (0.7ms)[0m   [0mSELECT * FROM "serveroperationsystems" WHERE ("serveroperationsystems"."id" = 1) [0m
  [4;36;1mCACHE (0.0ms)[0m   [0;1mSELECT * FROM "customers" WHERE ("customers"."id" = 2) [0m
  [4;35;1mCACHE (0.0ms)[0m   [0mSELECT * FROM "serveroperationsystems" WHERE ("serveroperationsystems"."id" = 1) [0m
  [4;36;1mCACHE (0.0ms)[0m   [0;1mSELECT * FROM "customers" WHERE ("customers"."id" = 2) [0m
  [4;35;1mServeroperationsystem Load (0.4ms)[0m   [0mSELECT * FROM "serveroperationsystems" WHERE ("serveroperationsystems"."id" = 2) [0m
Completed in 74ms (View: 56, DB: 5) | 200 OK [http://localhost/servers]
  [4;36;1mSQL (0.1ms)[0m   [0;1mSET client_min_messages TO 'panic'[0m
  [4;35;1mSQL (0.2ms)[0m   [0mSET client_min_messages TO 'notice'[0m


Processing ServersController#show (for 127.0.0.1 at 2009-11-28 20:21:04) [GET]
  Parameters: {"id"=>"2"}
  [4;36;1mServer Load (1.9ms)[0m   [0;1mSELECT * FROM "servers" WHERE ("servers"."id" = 2) ORDER BY name[0m
Rendering template within layouts/default
Rendering servers/show
Rendered servers/_server_menubar (9.4ms)
  [4;35;1mCustomer Load (0.6ms)[0m   [0mSELECT * FROM "customers" WHERE ("customers"."id" = 2) [0m
  [4;36;1mServertype Load (0.7ms)[0m   [0;1mSELECT * FROM "servertypes" WHERE ("servertypes"."id" = 2) [0m
  [4;35;1mServeroperationsystem Load (0.8ms)[0m   [0mSELECT * FROM "serveroperationsystems" WHERE ("serveroperationsystems"."id" = 1) [0m
  [4;36;1mSQL (0.8ms)[0m   [0;1mSELECT count(*) AS count_all FROM "ips" WHERE ("ips".server_id = 2) [0m
  [4;35;1mIp Load (0.9ms)[0m   [0mSELECT * FROM "ips" WHERE ("ips".server_id = 2) ORDER BY ip[0m
  [4;36;1mIptype Load (0.7ms)[0m   [0;1mSELECT * FROM "iptypes" WHERE ("iptypes"."id" = 1) [0m
  [4;35;1mNetwork Load (1.2ms)[0m   [0mSELECT * FROM "networks" WHERE ("networks"."id" = 3) ORDER BY network[0m
  [4;36;1mCACHE (0.0ms)[0m   [0;1mSELECT * FROM "iptypes" WHERE ("iptypes"."id" = 1) [0m
  [4;35;1mCACHE (0.0ms)[0m   [0mSELECT * FROM "networks" WHERE ("networks"."id" = 3) ORDER BY network[0m
  [4;36;1mSQL (1.0ms)[0m   [0;1mSELECT count(*) AS count_all FROM "servermacs" WHERE ("servermacs".server_id = 2) [0m
  [4;35;1mServermac Load (0.4ms)[0m   [0mSELECT * FROM "servermacs" WHERE ("servermacs".server_id = 2) [0m
Rendered servers/_server_infos (177.6ms)
Completed in 219ms (View: 191, DB: 9) | 200 OK [http://localhost/servers/2]
  [4;36;1mSQL (0.1ms)[0m   [0;1mSET client_min_messages TO 'panic'[0m
  [4;35;1mSQL (0.1ms)[0m   [0mSET client_min_messages TO 'notice'[0m


Processing ServertypesController#index (for 127.0.0.1 at 2009-11-28 20:21:35) [GET]
  [4;36;1mServertype Load (1.5ms)[0m   [0;1mSELECT * FROM "servertypes" [0m
Rendering template within layouts/default
Rendering servertypes/index
  [4;35;1mServerTypeHardware Load (0.7ms)[0m   [0mSELECT * FROM "server_type_hardwares" WHERE ("server_type_hardwares"."id" = 2) [0m
  [4;36;1mServerTypeHardware Load (0.4ms)[0m   [0;1mSELECT * FROM "server_type_hardwares" WHERE ("server_type_hardwares"."id" = 1) [0m
Completed in 50ms (View: 36, DB: 3) | 200 OK [http://localhost/servertypes]
  [4;35;1mSQL (0.1ms)[0m   [0mSET client_min_messages TO 'panic'[0m
  [4;36;1mSQL (0.1ms)[0m   [0;1mSET client_min_messages TO 'notice'[0m


Processing ServertypesController#show (for 127.0.0.1 at 2009-11-28 20:21:37) [GET]
  Parameters: {"id"=>"1"}
  [4;35;1mServertype Load (0.9ms)[0m   [0mSELECT * FROM "servertypes" WHERE ("servertypes"."id" = 1) [0m
Rendering template within layouts/default
Rendering servertypes/show

ActionView::TemplateError (undefined method `show_servertype_path' for #<ActionView::Base:0xb655d730>) on line #1 of app/views/servertypes/_serverytpe_menubar.html.erb:
1: Servertype: <%= link_to 'Index', servertypes_path %> | <%= link_to 'Show', show_servertype_path(@servertype) %> | <%= link_to 'Edit', edit_servertype_path(@servertype) %> |  <%= link_to 'Destroy', destroy_servertype_path(@servertype) %>
2: <hr/>

    app/views/servertypes/_serverytpe_menubar.html.erb:1
    app/views/servertypes/show.html.erb:1
    app/controllers/servertypes_controller.rb:13:in `show'

Rendered rescues/_trace (176.4ms)
Rendered rescues/_request_and_response (0.5ms)
Rendering rescues/layout (internal_server_error)
  [4;36;1mSQL (0.2ms)[0m   [0;1mSET client_min_messages TO 'panic'[0m
  [4;35;1mSQL (0.1ms)[0m   [0mSET client_min_messages TO 'notice'[0m


Processing ServertypesController#show (for 127.0.0.1 at 2009-11-28 20:22:03) [GET]
  Parameters: {"id"=>"1"}
  [4;36;1mServertype Load (0.9ms)[0m   [0;1mSELECT * FROM "servertypes" WHERE ("servertypes"."id" = 1) [0m
Rendering template within layouts/default
Rendering servertypes/show

ActionView::TemplateError (undefined method `destroy_servertype_path' for #<ActionView::Base:0xb6622260>) on line #1 of app/views/servertypes/_serverytpe_menubar.html.erb:
1: Servertype: <%= link_to 'Index', servertypes_path %> | <%= link_to 'Show', @servertype %> | <%= link_to 'Edit', edit_servertype_path(@servertype) %> |  <%= link_to 'Destroy', destroy_servertype_path(@servertype) %>
2: <hr/>

    app/views/servertypes/_serverytpe_menubar.html.erb:1
    app/views/servertypes/show.html.erb:1
    app/controllers/servertypes_controller.rb:13:in `show'

Rendered rescues/_trace (92.8ms)
Rendered rescues/_request_and_response (0.5ms)
Rendering rescues/layout (internal_server_error)
  [4;35;1mSQL (0.1ms)[0m   [0mSET client_min_messages TO 'panic'[0m
  [4;36;1mSQL (0.1ms)[0m   [0;1mSET client_min_messages TO 'notice'[0m


Processing ServertypesController#show (for 127.0.0.1 at 2009-11-28 20:22:32) [GET]
  Parameters: {"id"=>"1"}
  [4;35;1mServertype Load (0.9ms)[0m   [0mSELECT * FROM "servertypes" WHERE ("servertypes"."id" = 1) [0m
Rendering template within layouts/default
Rendering servertypes/show
Rendered servertypes/_serverytpe_menubar (10.0ms)
  [4;36;1mServerTypeHardware Load (0.7ms)[0m   [0;1mSELECT * FROM "server_type_hardwares" WHERE ("server_type_hardwares"."id" = 2) [0m
Completed in 136ms (View: 118, DB: 2) | 200 OK [http://localhost/servertypes/1]
  [4;35;1mSQL (0.3ms)[0m   [0mSET client_min_messages TO 'panic'[0m
  [4;36;1mSQL (0.1ms)[0m   [0;1mSET client_min_messages TO 'notice'[0m


Processing ServertypesController#show (for 127.0.0.1 at 2009-11-28 20:22:39) [GET]
  Parameters: {"id"=>"1"}
  [4;35;1mServertype Load (0.8ms)[0m   [0mSELECT * FROM "servertypes" WHERE ("servertypes"."id" = 1) [0m
Rendering template within layouts/default
Rendering servertypes/show
Rendered servertypes/_serverytpe_menubar (7.3ms)
  [4;36;1mServerTypeHardware Load (0.6ms)[0m   [0;1mSELECT * FROM "server_type_hardwares" WHERE ("server_type_hardwares"."id" = 2) [0m
Completed in 44ms (View: 26, DB: 2) | 200 OK [http://localhost/servertypes/1]
  [4;35;1mSQL (0.1ms)[0m   [0mSET client_min_messages TO 'panic'[0m
  [4;36;1mSQL (0.1ms)[0m   [0;1mSET client_min_messages TO 'notice'[0m


Processing ServertypesController#edit (for 127.0.0.1 at 2009-11-28 20:22:40) [GET]
  Parameters: {"id"=>"1"}
  [4;35;1mServertype Load (0.8ms)[0m   [0mSELECT * FROM "servertypes" WHERE ("servertypes"."id" = 1) [0m
Rendering template within layouts/default
Rendering servertypes/edit
Completed in 45ms (View: 29, DB: 1) | 200 OK [http://localhost/servertypes/1/edit]
  [4;36;1mSQL (0.1ms)[0m   [0;1mSET client_min_messages TO 'panic'[0m
  [4;35;1mSQL (0.1ms)[0m   [0mSET client_min_messages TO 'notice'[0m


Processing ServertypesController#index (for 127.0.0.1 at 2009-11-28 20:22:46) [GET]
  [4;36;1mServertype Load (1.4ms)[0m   [0;1mSELECT * FROM "servertypes" [0m
Rendering template within layouts/default
Rendering servertypes/index
  [4;35;1mServerTypeHardware Load (0.7ms)[0m   [0mSELECT * FROM "server_type_hardwares" WHERE ("server_type_hardwares"."id" = 2) [0m
  [4;36;1mServerTypeHardware Load (0.4ms)[0m   [0;1mSELECT * FROM "server_type_hardwares" WHERE ("server_type_hardwares"."id" = 1) [0m
Completed in 49ms (View: 36, DB: 3) | 200 OK [http://localhost/servertypes]
  [4;35;1mSQL (0.1ms)[0m   [0mSET client_min_messages TO 'panic'[0m
  [4;36;1mSQL (0.1ms)[0m   [0;1mSET client_min_messages TO 'notice'[0m


Processing ServertypesController#new (for 127.0.0.1 at 2009-11-28 20:22:47) [GET]
Rendering template within layouts/default
Rendering servertypes/new
Completed in 135ms (View: 119, DB: 0) | 200 OK [http://localhost/servertypes/new]
  [4;35;1mSQL (0.1ms)[0m   [0mSET client_min_messages TO 'panic'[0m
  [4;36;1mSQL (0.1ms)[0m   [0;1mSET client_min_messages TO 'notice'[0m


Processing ServertypesController#new (for 127.0.0.1 at 2009-11-28 20:22:51) [GET]
Rendering template within layouts/default
Rendering servertypes/new
Completed in 31ms (View: 15, DB: 0) | 200 OK [http://localhost/servertypes/new]
  [4;35;1mSQL (0.1ms)[0m   [0mSET client_min_messages TO 'panic'[0m
  [4;36;1mSQL (0.1ms)[0m   [0;1mSET client_min_messages TO 'notice'[0m


Processing ServertypesController#index (for 127.0.0.1 at 2009-11-28 20:26:32) [GET]
  [4;35;1mServertype Load (1.4ms)[0m   [0mSELECT * FROM "servertypes" [0m
Rendering template within layouts/default
Rendering servertypes/index
  [4;36;1mServerTypeHardware Load (0.7ms)[0m   [0;1mSELECT * FROM "server_type_hardwares" WHERE ("server_type_hardwares"."id" = 2) [0m
  [4;35;1mServerTypeHardware Load (0.5ms)[0m   [0mSELECT * FROM "server_type_hardwares" WHERE ("server_type_hardwares"."id" = 1) [0m
Completed in 52ms (View: 38, DB: 3) | 200 OK [http://localhost/servertypes]
  [4;36;1mSQL (0.1ms)[0m   [0;1mSET client_min_messages TO 'panic'[0m
  [4;35;1mSQL (0.1ms)[0m   [0mSET client_min_messages TO 'notice'[0m


Processing ServertypesController#new (for 127.0.0.1 at 2009-11-28 20:26:34) [GET]
Rendering template within layouts/default
Rendering servertypes/new
  [4;36;1mServerTypeHardware Load (0.8ms)[0m   [0;1mSELECT * FROM "server_type_hardwares" [0m
Completed in 47ms (View: 31, DB: 1) | 200 OK [http://localhost/servertypes/new]
  [4;35;1mSQL (0.1ms)[0m   [0mSET client_min_messages TO 'panic'[0m
  [4;36;1mSQL (0.1ms)[0m   [0;1mSET client_min_messages TO 'notice'[0m


Processing ServeroperationsystemsController#index (for 127.0.0.1 at 2009-11-28 20:30:05) [GET]
  [4;35;1mServeroperationsystem Load (1.5ms)[0m   [0mSELECT * FROM "serveroperationsystems" [0m
Rendering template within layouts/default
Rendering serveroperationsystems/index
Completed in 38ms (View: 26, DB: 2) | 200 OK [http://localhost/serveroperationsystems]
  [4;36;1mSQL (0.1ms)[0m   [0;1mSET client_min_messages TO 'panic'[0m
  [4;35;1mSQL (0.1ms)[0m   [0mSET client_min_messages TO 'notice'[0m


Processing ServeroperationsystemsController#show (for 127.0.0.1 at 2009-11-28 20:30:51) [GET]
  Parameters: {"id"=>"1"}
  [4;36;1mServeroperationsystem Load (0.9ms)[0m   [0;1mSELECT * FROM "serveroperationsystems" WHERE ("serveroperationsystems"."id" = 1) [0m
Rendering template within layouts/default
Rendering serveroperationsystems/show
Rendered serveroperationsystems/_serveros_menubar (10.2ms)
Completed in 50ms (View: 32, DB: 1) | 200 OK [http://localhost/serveroperationsystems/1]
  [4;35;1mSQL (0.1ms)[0m   [0mSET client_min_messages TO 'panic'[0m
  [4;36;1mSQL (0.1ms)[0m   [0;1mSET client_min_messages TO 'notice'[0m


Processing ServertypesController#index (for 127.0.0.1 at 2009-11-28 20:30:52) [GET]
  [4;35;1mServertype Load (1.4ms)[0m   [0mSELECT * FROM "servertypes" [0m
Rendering template within layouts/default
Rendering servertypes/index
  [4;36;1mServerTypeHardware Load (0.7ms)[0m   [0;1mSELECT * FROM "server_type_hardwares" WHERE ("server_type_hardwares"."id" = 2) [0m
  [4;35;1mServerTypeHardware Load (0.4ms)[0m   [0mSELECT * FROM "server_type_hardwares" WHERE ("server_type_hardwares"."id" = 1) [0m
Completed in 50ms (View: 36, DB: 3) | 200 OK [http://localhost/servertypes]
  [4;36;1mSQL (0.1ms)[0m   [0;1mSET client_min_messages TO 'panic'[0m
  [4;35;1mSQL (0.1ms)[0m   [0mSET client_min_messages TO 'notice'[0m


Processing ServertypesController#show (for 127.0.0.1 at 2009-11-28 20:30:54) [GET]
  Parameters: {"id"=>"2"}
  [4;36;1mServertype Load (0.8ms)[0m   [0;1mSELECT * FROM "servertypes" WHERE ("servertypes"."id" = 2) [0m
Rendering template within layouts/default
Rendering servertypes/show
Rendered servertypes/_serverytpe_menubar (7.6ms)
  [4;35;1mServerTypeHardware Load (0.7ms)[0m   [0mSELECT * FROM "server_type_hardwares" WHERE ("server_type_hardwares"."id" = 1) [0m
Completed in 45ms (View: 26, DB: 2) | 200 OK [http://localhost/servertypes/2]
  [4;36;1mSQL (0.1ms)[0m   [0;1mSET client_min_messages TO 'panic'[0m
  [4;35;1mSQL (0.1ms)[0m   [0mSET client_min_messages TO 'notice'[0m


Processing ServertypesController#edit (for 127.0.0.1 at 2009-11-28 20:30:55) [GET]
  Parameters: {"id"=>"2"}
  [4;36;1mServertype Load (1.6ms)[0m   [0;1mSELECT * FROM "servertypes" WHERE ("servertypes"."id" = 2) [0m
Rendering template within layouts/default
Rendering servertypes/edit
  [4;35;1mServerTypeHardware Load (1.1ms)[0m   [0mSELECT * FROM "server_type_hardwares" [0m
Completed in 50ms (View: 31, DB: 3) | 200 OK [http://localhost/servertypes/2/edit]
  [4;36;1mSQL (0.1ms)[0m   [0;1mSET client_min_messages TO 'panic'[0m
  [4;35;1mSQL (0.1ms)[0m   [0mSET client_min_messages TO 'notice'[0m


Processing ServertypesController#update (for 127.0.0.1 at 2009-11-28 20:30:58) [PUT]
  Parameters: {"commit"=>"Update", "authenticity_token"=>"4P2gRUg/1Ao/KrygE8ssySKT8k/DXIJNeADi/lSwavc=", "id"=>"2", "servertype"=>{"server_type_hardware_id"=>"3", "name"=>"test"}}
  [4;36;1mServertype Load (0.8ms)[0m   [0;1mSELECT * FROM "servertypes" WHERE ("servertypes"."id" = 2) [0m
  [4;35;1mSQL (0.1ms)[0m   [0mBEGIN[0m
  [4;36;1mServertype Update (0.6ms)[0m   [0;1mUPDATE "servertypes" SET "updated_at" = '2009-11-28 19:30:58.119466', "server_type_hardware_id" = 3 WHERE "id" = 2[0m
  [4;35;1mSQL (0.6ms)[0m   [0mCOMMIT[0m
Redirected to http://localhost:3000/servertypes/2
Completed in 102ms (DB: 2) | 302 Found [http://localhost/servertypes/2]
  [4;36;1mSQL (0.1ms)[0m   [0;1mSET client_min_messages TO 'panic'[0m
  [4;35;1mSQL (0.1ms)[0m   [0mSET client_min_messages TO 'notice'[0m


Processing ServertypesController#show (for 127.0.0.1 at 2009-11-28 20:30:58) [GET]
  Parameters: {"id"=>"2"}
  [4;36;1mServertype Load (0.9ms)[0m   [0;1mSELECT * FROM "servertypes" WHERE ("servertypes"."id" = 2) [0m
Rendering template within layouts/default
Rendering servertypes/show
Rendered servertypes/_serverytpe_menubar (7.5ms)
  [4;35;1mServerTypeHardware Load (0.6ms)[0m   [0mSELECT * FROM "server_type_hardwares" WHERE ("server_type_hardwares"."id" = 3) [0m
Completed in 45ms (View: 27, DB: 2) | 200 OK [http://localhost/servertypes/2]
  [4;36;1mSQL (0.2ms)[0m   [0;1mSET client_min_messages TO 'panic'[0m
  [4;35;1mSQL (0.1ms)[0m   [0mSET client_min_messages TO 'notice'[0m


Processing ServertypesController#index (for 127.0.0.1 at 2009-11-28 20:31:41) [GET]
  [4;36;1mServertype Load (1.5ms)[0m   [0;1mSELECT * FROM "servertypes" [0m
Rendering template within layouts/default
Rendering servertypes/index
  [4;35;1mServerTypeHardware Load (0.7ms)[0m   [0mSELECT * FROM "server_type_hardwares" WHERE ("server_type_hardwares"."id" = 2) [0m
  [4;36;1mServerTypeHardware Load (0.5ms)[0m   [0;1mSELECT * FROM "server_type_hardwares" WHERE ("server_type_hardwares"."id" = 3) [0m
Completed in 49ms (View: 36, DB: 3) | 200 OK [http://localhost/servertypes]
  [4;35;1mSQL (0.1ms)[0m   [0mSET client_min_messages TO 'panic'[0m
  [4;36;1mSQL (0.1ms)[0m   [0;1mSET client_min_messages TO 'notice'[0m


Processing ServersController#index (for 127.0.0.1 at 2009-11-28 20:32:03) [GET]
  [4;35;1mServer Load (2.4ms)[0m   [0mSELECT * FROM "servers" ORDER BY name[0m
Rendering template within layouts/default
Rendering servers/index
  [4;36;1mCustomer Load (0.7ms)[0m   [0;1mSELECT * FROM "customers" WHERE ("customers"."id" = 2) [0m
  [4;35;1mServeroperationsystem Load (0.7ms)[0m   [0mSELECT * FROM "serveroperationsystems" WHERE ("serveroperationsystems"."id" = 1) [0m
  [4;36;1mCACHE (0.0ms)[0m   [0;1mSELECT * FROM "customers" WHERE ("customers"."id" = 2) [0m
  [4;35;1mCACHE (0.0ms)[0m   [0mSELECT * FROM "serveroperationsystems" WHERE ("serveroperationsystems"."id" = 1) [0m
  [4;36;1mCACHE (0.0ms)[0m   [0;1mSELECT * FROM "customers" WHERE ("customers"."id" = 2) [0m
  [4;35;1mServeroperationsystem Load (0.5ms)[0m   [0mSELECT * FROM "serveroperationsystems" WHERE ("serveroperationsystems"."id" = 2) [0m
Completed in 72ms (View: 55, DB: 4) | 200 OK [http://localhost/servers]
  [4;36;1mSQL (0.2ms)[0m   [0;1mSET client_min_messages TO 'panic'[0m
  [4;35;1mSQL (0.1ms)[0m   [0mSET client_min_messages TO 'notice'[0m


Processing ServersController#show (for 127.0.0.1 at 2009-11-28 20:32:07) [GET]
  Parameters: {"id"=>"2"}
  [4;36;1mServer Load (1.6ms)[0m   [0;1mSELECT * FROM "servers" WHERE ("servers"."id" = 2) ORDER BY name[0m
Rendering template within layouts/default
Rendering servers/show
Rendered servers/_server_menubar (7.7ms)
  [4;35;1mCustomer Load (0.7ms)[0m   [0mSELECT * FROM "customers" WHERE ("customers"."id" = 2) [0m
  [4;36;1mServertype Load (0.8ms)[0m   [0;1mSELECT * FROM "servertypes" WHERE ("servertypes"."id" = 2) [0m
  [4;35;1mServeroperationsystem Load (0.7ms)[0m   [0mSELECT * FROM "serveroperationsystems" WHERE ("serveroperationsystems"."id" = 1) [0m
  [4;36;1mSQL (0.7ms)[0m   [0;1mSELECT count(*) AS count_all FROM "ips" WHERE ("ips".server_id = 2) [0m
  [4;35;1mIp Load (0.9ms)[0m   [0mSELECT * FROM "ips" WHERE ("ips".server_id = 2) ORDER BY ip[0m
  [4;36;1mIptype Load (0.7ms)[0m   [0;1mSELECT * FROM "iptypes" WHERE ("iptypes"."id" = 1) [0m
  [4;35;1mNetwork Load (1.2ms)[0m   [0mSELECT * FROM "networks" WHERE ("networks"."id" = 3) ORDER BY network[0m
  [4;36;1mCACHE (0.0ms)[0m   [0;1mSELECT * FROM "iptypes" WHERE ("iptypes"."id" = 1) [0m
  [4;35;1mCACHE (0.0ms)[0m   [0mSELECT * FROM "networks" WHERE ("networks"."id" = 3) ORDER BY network[0m
  [4;36;1mSQL (0.8ms)[0m   [0;1mSELECT count(*) AS count_all FROM "servermacs" WHERE ("servermacs".server_id = 2) [0m
  [4;35;1mServermac Load (0.4ms)[0m   [0mSELECT * FROM "servermacs" WHERE ("servermacs".server_id = 2) [0m
Rendered servers/_server_infos (179.2ms)
Completed in 217ms (View: 190, DB: 9) | 200 OK [http://localhost/servers/2]
  [4;36;1mSQL (0.1ms)[0m   [0;1mSET client_min_messages TO 'panic'[0m
  [4;35;1mSQL (0.1ms)[0m   [0mSET client_min_messages TO 'notice'[0m


Processing ServertypesController#index (for 127.0.0.1 at 2009-11-28 20:32:20) [GET]
  [4;36;1mServertype Load (1.4ms)[0m   [0;1mSELECT * FROM "servertypes" [0m
Rendering template within layouts/default
Rendering servertypes/index
  [4;35;1mServerTypeHardware Load (0.7ms)[0m   [0mSELECT * FROM "server_type_hardwares" WHERE ("server_type_hardwares"."id" = 2) [0m
  [4;36;1mServerTypeHardware Load (0.4ms)[0m   [0;1mSELECT * FROM "server_type_hardwares" WHERE ("server_type_hardwares"."id" = 3) [0m
Completed in 50ms (View: 36, DB: 3) | 200 OK [http://localhost/servertypes]
  [4;35;1mSQL (0.2ms)[0m   [0mSET client_min_messages TO 'panic'[0m
  [4;36;1mSQL (0.1ms)[0m   [0;1mSET client_min_messages TO 'notice'[0m


Processing ServertypesController#index (for 127.0.0.1 at 2009-11-28 20:32:24) [GET]
  [4;35;1mServertype Load (1.4ms)[0m   [0mSELECT * FROM "servertypes" [0m
Rendering template within layouts/default
Rendering servertypes/index
  [4;36;1mServerTypeHardware Load (0.7ms)[0m   [0;1mSELECT * FROM "server_type_hardwares" WHERE ("server_type_hardwares"."id" = 2) [0m
  [4;35;1mServerTypeHardware Load (0.4ms)[0m   [0mSELECT * FROM "server_type_hardwares" WHERE ("server_type_hardwares"."id" = 3) [0m
Completed in 49ms (View: 36, DB: 3) | 200 OK [http://localhost/servertypes]
  [4;36;1mSQL (0.1ms)[0m   [0;1mSET client_min_messages TO 'panic'[0m
  [4;35;1mSQL (0.1ms)[0m   [0mSET client_min_messages TO 'notice'[0m


Processing ServertypesController#edit (for 127.0.0.1 at 2009-11-28 20:34:02) [GET]
  Parameters: {"id"=>"1"}
  [4;36;1mServertype Load (0.8ms)[0m   [0;1mSELECT * FROM "servertypes" WHERE ("servertypes"."id" = 1) [0m
Rendering template within layouts/default
Rendering servertypes/edit
  [4;35;1mServerTypeHardware Load (0.7ms)[0m   [0mSELECT * FROM "server_type_hardwares" [0m
Completed in 44ms (View: 26, DB: 2) | 200 OK [http://localhost/servertypes/1/edit]
  [4;36;1mSQL (0.1ms)[0m   [0;1mSET client_min_messages TO 'panic'[0m
  [4;35;1mSQL (0.1ms)[0m   [0mSET client_min_messages TO 'notice'[0m


Processing ServertypesController#update (for 127.0.0.1 at 2009-11-28 20:34:17) [PUT]
  Parameters: {"commit"=>"Update", "authenticity_token"=>"4P2gRUg/1Ao/KrygE8ssySKT8k/DXIJNeADi/lSwavc=", "id"=>"1", "servertype"=>{"server_type_hardware_id"=>"1", "name"=>"Server"}}
  [4;36;1mServertype Load (0.8ms)[0m   [0;1mSELECT * FROM "servertypes" WHERE ("servertypes"."id" = 1) [0m
  [4;35;1mSQL (0.2ms)[0m   [0mBEGIN[0m
  [4;36;1mServertype Update (0.6ms)[0m   [0;1mUPDATE "servertypes" SET "updated_at" = '2009-11-28 19:34:17.759219', "name" = E'Server', "server_type_hardware_id" = 1 WHERE "id" = 1[0m
  [4;35;1mSQL (0.7ms)[0m   [0mCOMMIT[0m
Redirected to http://localhost:3000/servertypes/1
Completed in 26ms (DB: 3) | 302 Found [http://localhost/servertypes/1]
  [4;36;1mSQL (0.1ms)[0m   [0;1mSET client_min_messages TO 'panic'[0m
  [4;35;1mSQL (0.1ms)[0m   [0mSET client_min_messages TO 'notice'[0m


Processing ServertypesController#show (for 127.0.0.1 at 2009-11-28 20:34:17) [GET]
  Parameters: {"id"=>"1"}
  [4;36;1mServertype Load (0.8ms)[0m   [0;1mSELECT * FROM "servertypes" WHERE ("servertypes"."id" = 1) [0m
Rendering template within layouts/default
Rendering servertypes/show
Rendered servertypes/_serverytpe_menubar (8.0ms)
  [4;35;1mServerTypeHardware Load (0.7ms)[0m   [0mSELECT * FROM "server_type_hardwares" WHERE ("server_type_hardwares"."id" = 1) [0m
Completed in 45ms (View: 26, DB: 2) | 200 OK [http://localhost/servertypes/1]
  [4;36;1mSQL (0.1ms)[0m   [0;1mSET client_min_messages TO 'panic'[0m
  [4;35;1mSQL (0.1ms)[0m   [0mSET client_min_messages TO 'notice'[0m


Processing ServertypesController#index (for 127.0.0.1 at 2009-11-28 20:34:20) [GET]
  [4;36;1mServertype Load (1.5ms)[0m   [0;1mSELECT * FROM "servertypes" [0m
Rendering template within layouts/default
Rendering servertypes/index
  [4;35;1mServerTypeHardware Load (0.8ms)[0m   [0mSELECT * FROM "server_type_hardwares" WHERE ("server_type_hardwares"."id" = 3) [0m
  [4;36;1mServerTypeHardware Load (0.4ms)[0m   [0;1mSELECT * FROM "server_type_hardwares" WHERE ("server_type_hardwares"."id" = 1) [0m
Completed in 49ms (View: 35, DB: 3) | 200 OK [http://localhost/servertypes]
  [4;35;1mSQL (0.1ms)[0m   [0mSET client_min_messages TO 'panic'[0m
  [4;36;1mSQL (0.1ms)[0m   [0;1mSET client_min_messages TO 'notice'[0m


Processing ServertypesController#edit (for 127.0.0.1 at 2009-11-28 20:34:24) [GET]
  Parameters: {"id"=>"2"}
  [4;35;1mServertype Load (0.9ms)[0m   [0mSELECT * FROM "servertypes" WHERE ("servertypes"."id" = 2) [0m
Rendering template within layouts/default
Rendering servertypes/edit
  [4;36;1mServerTypeHardware Load (0.6ms)[0m   [0;1mSELECT * FROM "server_type_hardwares" [0m
Completed in 44ms (View: 27, DB: 2) | 200 OK [http://localhost/servertypes/2/edit]
  [4;35;1mSQL (0.1ms)[0m   [0mSET client_min_messages TO 'panic'[0m
  [4;36;1mSQL (0.1ms)[0m   [0;1mSET client_min_messages TO 'notice'[0m


Processing ServertypesController#index (for 127.0.0.1 at 2009-11-28 20:34:30) [GET]
  [4;35;1mServertype Load (1.5ms)[0m   [0mSELECT * FROM "servertypes" [0m
Rendering template within layouts/default
Rendering servertypes/index
  [4;36;1mServerTypeHardware Load (0.7ms)[0m   [0;1mSELECT * FROM "server_type_hardwares" WHERE ("server_type_hardwares"."id" = 3) [0m
  [4;35;1mServerTypeHardware Load (0.5ms)[0m   [0mSELECT * FROM "server_type_hardwares" WHERE ("server_type_hardwares"."id" = 1) [0m
Completed in 131ms (View: 38, DB: 3) | 200 OK [http://localhost/servertypes]
  [4;36;1mSQL (0.1ms)[0m   [0;1mSET client_min_messages TO 'panic'[0m
  [4;35;1mSQL (0.1ms)[0m   [0mSET client_min_messages TO 'notice'[0m


Processing ServertypesController#show (for 127.0.0.1 at 2009-11-28 20:34:32) [GET]
  Parameters: {"id"=>"2"}
  [4;36;1mServertype Load (1.3ms)[0m   [0;1mSELECT * FROM "servertypes" WHERE ("servertypes"."id" = 2) [0m
Rendering template within layouts/default
Rendering servertypes/show
Rendered servertypes/_serverytpe_menubar (9.3ms)
  [4;35;1mServerTypeHardware Load (0.7ms)[0m   [0mSELECT * FROM "server_type_hardwares" WHERE ("server_type_hardwares"."id" = 3) [0m
Completed in 47ms (View: 29, DB: 2) | 200 OK [http://localhost/servertypes/2]
  [4;36;1mSQL (0.1ms)[0m   [0;1mSET client_min_messages TO 'panic'[0m
  [4;35;1mSQL (0.1ms)[0m   [0mSET client_min_messages TO 'notice'[0m


Processing ServertypesController#edit (for 127.0.0.1 at 2009-11-28 20:34:33) [GET]
  Parameters: {"id"=>"2"}
  [4;36;1mServertype Load (0.8ms)[0m   [0;1mSELECT * FROM "servertypes" WHERE ("servertypes"."id" = 2) [0m
Rendering template within layouts/default
Rendering servertypes/edit
  [4;35;1mServerTypeHardware Load (0.7ms)[0m   [0mSELECT * FROM "server_type_hardwares" [0m
Completed in 43ms (View: 25, DB: 2) | 200 OK [http://localhost/servertypes/2/edit]
  [4;36;1mSQL (0.1ms)[0m   [0;1mSET client_min_messages TO 'panic'[0m
  [4;35;1mSQL (0.1ms)[0m   [0mSET client_min_messages TO 'notice'[0m


Processing ServertypesController#update (for 127.0.0.1 at 2009-11-28 20:34:38) [PUT]
  Parameters: {"commit"=>"Update", "authenticity_token"=>"4P2gRUg/1Ao/KrygE8ssySKT8k/DXIJNeADi/lSwavc=", "id"=>"2", "servertype"=>{"server_type_hardware_id"=>"2", "name"=>"Server"}}
  [4;36;1mServertype Load (0.8ms)[0m   [0;1mSELECT * FROM "servertypes" WHERE ("servertypes"."id" = 2) [0m
  [4;35;1mSQL (0.1ms)[0m   [0mBEGIN[0m
  [4;36;1mServertype Update (0.6ms)[0m   [0;1mUPDATE "servertypes" SET "updated_at" = '2009-11-28 19:34:38.331649', "name" = E'Server', "server_type_hardware_id" = 2 WHERE "id" = 2[0m
  [4;35;1mSQL (0.7ms)[0m   [0mCOMMIT[0m
Redirected to http://localhost:3000/servertypes/2
Completed in 26ms (DB: 2) | 302 Found [http://localhost/servertypes/2]
  [4;36;1mSQL (0.1ms)[0m   [0;1mSET client_min_messages TO 'panic'[0m
  [4;35;1mSQL (0.1ms)[0m   [0mSET client_min_messages TO 'notice'[0m


Processing ServertypesController#show (for 127.0.0.1 at 2009-11-28 20:34:38) [GET]
  Parameters: {"id"=>"2"}
  [4;36;1mServertype Load (0.9ms)[0m   [0;1mSELECT * FROM "servertypes" WHERE ("servertypes"."id" = 2) [0m
Rendering template within layouts/default
Rendering servertypes/show
Rendered servertypes/_serverytpe_menubar (7.1ms)
  [4;35;1mServerTypeHardware Load (0.7ms)[0m   [0mSELECT * FROM "server_type_hardwares" WHERE ("server_type_hardwares"."id" = 2) [0m
Completed in 43ms (View: 25, DB: 2) | 200 OK [http://localhost/servertypes/2]
  [4;36;1mSQL (0.1ms)[0m   [0;1mSET client_min_messages TO 'panic'[0m
  [4;35;1mSQL (0.1ms)[0m   [0mSET client_min_messages TO 'notice'[0m


Processing ServersController#index (for 127.0.0.1 at 2009-11-28 20:34:39) [GET]
  [4;36;1mServer Load (2.8ms)[0m   [0;1mSELECT * FROM "servers" ORDER BY name[0m
Rendering template within layouts/default
Rendering servers/index
  [4;35;1mCustomer Load (0.7ms)[0m   [0mSELECT * FROM "customers" WHERE ("customers"."id" = 2) [0m
  [4;36;1mServeroperationsystem Load (0.7ms)[0m   [0;1mSELECT * FROM "serveroperationsystems" WHERE ("serveroperationsystems"."id" = 1) [0m
  [4;35;1mCACHE (0.0ms)[0m   [0mSELECT * FROM "customers" WHERE ("customers"."id" = 2) [0m
  [4;36;1mCACHE (0.0ms)[0m   [0;1mSELECT * FROM "serveroperationsystems" WHERE ("serveroperationsystems"."id" = 1) [0m
  [4;35;1mCACHE (0.0ms)[0m   [0mSELECT * FROM "customers" WHERE ("customers"."id" = 2) [0m
  [4;36;1mServeroperationsystem Load (0.4ms)[0m   [0;1mSELECT * FROM "serveroperationsystems" WHERE ("serveroperationsystems"."id" = 2) [0m
Completed in 83ms (View: 63, DB: 5) | 200 OK [http://localhost/servers]
  [4;35;1mSQL (0.1ms)[0m   [0mSET client_min_messages TO 'panic'[0m
  [4;36;1mSQL (0.1ms)[0m   [0;1mSET client_min_messages TO 'notice'[0m


Processing ServersController#index (for 127.0.0.1 at 2009-11-28 20:35:30) [GET]
  [4;35;1mServer Load (2.4ms)[0m   [0mSELECT * FROM "servers" ORDER BY name[0m
Rendering template within layouts/default
Rendering servers/index
  [4;36;1mCustomer Load (0.7ms)[0m   [0;1mSELECT * FROM "customers" WHERE ("customers"."id" = 2) [0m
  [4;35;1mServeroperationsystem Load (0.7ms)[0m   [0mSELECT * FROM "serveroperationsystems" WHERE ("serveroperationsystems"."id" = 1) [0m
  [4;36;1mCACHE (0.0ms)[0m   [0;1mSELECT * FROM "customers" WHERE ("customers"."id" = 2) [0m
  [4;35;1mCACHE (0.0ms)[0m   [0mSELECT * FROM "serveroperationsystems" WHERE ("serveroperationsystems"."id" = 1) [0m
  [4;36;1mCACHE (0.0ms)[0m   [0;1mSELECT * FROM "customers" WHERE ("customers"."id" = 2) [0m
  [4;35;1mServeroperationsystem Load (0.4ms)[0m   [0mSELECT * FROM "serveroperationsystems" WHERE ("serveroperationsystems"."id" = 2) [0m
Completed in 80ms (View: 62, DB: 4) | 200 OK [http://localhost/servers]
  [4;36;1mSQL (0.1ms)[0m   [0;1mSET client_min_messages TO 'panic'[0m
  [4;35;1mSQL (0.1ms)[0m   [0mSET client_min_messages TO 'notice'[0m


Processing ServersController#show (for 127.0.0.1 at 2009-11-28 20:35:31) [GET]
  Parameters: {"id"=>"2"}
  [4;36;1mServer Load (1.6ms)[0m   [0;1mSELECT * FROM "servers" WHERE ("servers"."id" = 2) ORDER BY name[0m
Rendering template within layouts/default
Rendering servers/show
Rendered servers/_server_menubar (7.7ms)
  [4;35;1mCustomer Load (0.6ms)[0m   [0mSELECT * FROM "customers" WHERE ("customers"."id" = 2) [0m
  [4;36;1mServertype Load (0.7ms)[0m   [0;1mSELECT * FROM "servertypes" WHERE ("servertypes"."id" = 2) [0m
  [4;35;1mServerTypeHardware Load (0.6ms)[0m   [0mSELECT * FROM "server_type_hardwares" WHERE ("server_type_hardwares"."id" = 2) [0m
  [4;36;1mServeroperationsystem Load (0.6ms)[0m   [0;1mSELECT * FROM "serveroperationsystems" WHERE ("serveroperationsystems"."id" = 1) [0m
  [4;35;1mSQL (0.7ms)[0m   [0mSELECT count(*) AS count_all FROM "ips" WHERE ("ips".server_id = 2) [0m
  [4;36;1mIp Load (0.9ms)[0m   [0;1mSELECT * FROM "ips" WHERE ("ips".server_id = 2) ORDER BY ip[0m
  [4;35;1mIptype Load (0.7ms)[0m   [0mSELECT * FROM "iptypes" WHERE ("iptypes"."id" = 1) [0m
  [4;36;1mNetwork Load (1.2ms)[0m   [0;1mSELECT * FROM "networks" WHERE ("networks"."id" = 3) ORDER BY network[0m
  [4;35;1mCACHE (0.0ms)[0m   [0mSELECT * FROM "iptypes" WHERE ("iptypes"."id" = 1) [0m
  [4;36;1mCACHE (0.0ms)[0m   [0;1mSELECT * FROM "networks" WHERE ("networks"."id" = 3) ORDER BY network[0m
  [4;35;1mSQL (0.7ms)[0m   [0mSELECT count(*) AS count_all FROM "servermacs" WHERE ("servermacs".server_id = 2) [0m
  [4;36;1mServermac Load (0.4ms)[0m   [0;1mSELECT * FROM "servermacs" WHERE ("servermacs".server_id = 2) [0m
Rendered servers/_server_infos (190.3ms)
Completed in 234ms (View: 206, DB: 9) | 200 OK [http://localhost/servers/2]
  [4;35;1mSQL (0.1ms)[0m   [0mSET client_min_messages TO 'panic'[0m
  [4;36;1mSQL (0.1ms)[0m   [0;1mSET client_min_messages TO 'notice'[0m


Processing ServersController#show (for 127.0.0.1 at 2009-11-28 20:35:42) [GET]
  Parameters: {"id"=>"2"}
  [4;35;1mServer Load (1.7ms)[0m   [0mSELECT * FROM "servers" WHERE ("servers"."id" = 2) ORDER BY name[0m
Rendering template within layouts/default
Rendering servers/show
Rendered servers/_server_menubar (9.3ms)
  [4;36;1mCustomer Load (0.7ms)[0m   [0;1mSELECT * FROM "customers" WHERE ("customers"."id" = 2) [0m
  [4;35;1mServertype Load (0.7ms)[0m   [0mSELECT * FROM "servertypes" WHERE ("servertypes"."id" = 2) [0m
  [4;36;1mServerTypeHardware Load (0.6ms)[0m   [0;1mSELECT * FROM "server_type_hardwares" WHERE ("server_type_hardwares"."id" = 2) [0m
  [4;35;1mServeroperationsystem Load (0.8ms)[0m   [0mSELECT * FROM "serveroperationsystems" WHERE ("serveroperationsystems"."id" = 1) [0m
  [4;36;1mSQL (1.0ms)[0m   [0;1mSELECT count(*) AS count_all FROM "ips" WHERE ("ips".server_id = 2) [0m
  [4;35;1mIp Load (0.9ms)[0m   [0mSELECT * FROM "ips" WHERE ("ips".server_id = 2) ORDER BY ip[0m
  [4;36;1mIptype Load (0.6ms)[0m   [0;1mSELECT * FROM "iptypes" WHERE ("iptypes"."id" = 1) [0m
  [4;35;1mNetwork Load (1.2ms)[0m   [0mSELECT * FROM "networks" WHERE ("networks"."id" = 3) ORDER BY network[0m
  [4;36;1mCACHE (0.0ms)[0m   [0;1mSELECT * FROM "iptypes" WHERE ("iptypes"."id" = 1) [0m
  [4;35;1mCACHE (0.0ms)[0m   [0mSELECT * FROM "networks" WHERE ("networks"."id" = 3) ORDER BY network[0m
  [4;36;1mSQL (0.8ms)[0m   [0;1mSELECT count(*) AS count_all FROM "servermacs" WHERE ("servermacs".server_id = 2) [0m
  [4;35;1mServermac Load (0.4ms)[0m   [0mSELECT * FROM "servermacs" WHERE ("servermacs".server_id = 2) [0m
Rendered servers/_server_infos (118.8ms)
Completed in 166ms (View: 137, DB: 10) | 200 OK [http://localhost/servers/2]
